<?xml version="1.0" encoding="UTF-8"?>
<!-- Generated by org.testng.reporters.JUnitReportReporter -->
<testsuite hostname="MCAD-IM314" name="seleniumTest.FirstSetOfTests" tests="1" failures="0" timestamp="20 Apr 2018 00:36:43 GMT" time="43.059" errors="0">
  <testcase name="launchApp" time="43.059" classname="seleniumTest.FirstSetOfTests"/>
</testsuite> <!-- seleniumTest.FirstSetOfTests -->
