<?xml version="1.0" encoding="UTF-8"?>
<!-- Generated by org.testng.reporters.JUnitReportReporter -->
<testsuite hostname="MCAD-IM314" name="seleniumTest.NinthSetOfTests" tests="1" failures="0" timestamp="24 Apr 2018 16:00:20 GMT" time="61.769" errors="0">
  <testcase name="currentlyUsingQuickBooks" time="61.769" classname="seleniumTest.NinthSetOfTests"/>
</testsuite> <!-- seleniumTest.NinthSetOfTests -->
