<?xml version="1.0" encoding="UTF-8"?>
<!-- Generated by org.testng.reporters.JUnitReportReporter -->
<testsuite hostname="MCAD-IM314" name="seleniumTest.NavigateToXero" tests="1" failures="0" timestamp="15 Apr 2018 19:34:34 GMT" time="17.217" errors="0">
  <testcase name="forgotPassword" time="17.217" classname="seleniumTest.NavigateToXero"/>
</testsuite> <!-- seleniumTest.NavigateToXero -->
