<?xml version="1.0" encoding="UTF-8"?>
<!-- Generated by org.testng.reporters.JUnitReportReporter -->
<testsuite hostname="MCAD-IM314" name="landlord.AllLandlordInfo" tests="1" failures="0" timestamp="8 Apr 2018 00:41:33 GMT" time="1.466" errors="0">
  <testcase name="getIdLandlord" time="1.466" classname="landlord.AllLandlordInfo"/>
</testsuite> <!-- landlord.AllLandlordInfo -->
