<?xml version="1.0" encoding="UTF-8"?>
<!-- Generated by org.testng.reporters.JUnitReportReporter -->
<testsuite hostname="MCAD-IM314" name="testing.DemoTest" tests="1" failures="0" timestamp="7 Apr 2018 22:21:01 GMT" time="0.000" errors="0">
  <testcase name="test" time="0.000" classname="testing.DemoTest"/>
</testsuite> <!-- testing.DemoTest -->
