<?xml version="1.0" encoding="UTF-8"?>
<!-- Generated by org.testng.reporters.JUnitReportReporter -->
<testsuite hostname="MCAD-IM314" name="seleniumTest.ThirdSetOfTests" tests="1" failures="0" timestamp="20 Apr 2018 06:30:31 GMT" time="112.023" errors="0">
  <testcase name="testAllTabs" time="112.023" classname="seleniumTest.ThirdSetOfTests"/>
</testsuite> <!-- seleniumTest.ThirdSetOfTests -->
