<?xml version="1.0" encoding="UTF-8"?>
<!-- Generated by org.testng.reporters.JUnitReportReporter -->
<testsuite hostname="MCAD-IM314" name="restWebServices.GroupKt" tests="1" failures="0" timestamp="3 Apr 2018 21:26:34 GMT" time="0.228" errors="0">
  <testcase name="getStateInfoPath" time="0.228" classname="restWebServices.GroupKt"/>
</testsuite> <!-- restWebServices.GroupKt -->
