<?xml version="1.0" encoding="UTF-8"?>
<!-- Generated by org.testng.reporters.JUnitReportReporter -->
<testsuite hostname="MCAD-IM314" name="testing.GoogleApiTests" tests="3" failures="0" timestamp="7 Apr 2018 22:21:01 GMT" time="1.914" errors="0">
  <testcase name="AddPlaceswithPojo" time="0.706" classname="testing.GoogleApiTests"/>
  <testcase name="getDetailsOnPlace" time="0.180" classname="testing.GoogleApiTests"/>
  <testcase name="deleteNewlyAddedPlace" time="1.028" classname="testing.GoogleApiTests"/>
</testsuite> <!-- testing.GoogleApiTests -->
