<?xml version="1.0" encoding="UTF-8"?>
<!-- Generated by org.testng.reporters.JUnitReportReporter -->
<testsuite hostname="MCAD-IM314" name="seleniumTest.SecondSetOfTest" tests="1" failures="0" timestamp="15 Apr 2018 18:43:11 GMT" time="27.210" errors="0">
  <testcase name="verifyTermsAndPolicies" time="27.210" classname="seleniumTest.SecondSetOfTest"/>
</testsuite> <!-- seleniumTest.SecondSetOfTest -->
